<?xml version="1.0" encoding="UTF-8"?>
<testsuite xmlns:xsi="http://www.w3.org/2001/XMLSchema-instance" xsi:noNamespaceSchemaLocation="https://maven.apache.org/surefire/maven-failsafe-plugin/xsd/failsafe-test-report-3.0.xsd" version="3.0" name="separate.AddressResolverIT" time="1.122" tests="2" errors="0" skipped="0" failures="0">
  <properties>
[...]
</properties>
  <testcase name="whenBadCoordidates_thenReturnNoValidAddress" classname="separate.AddressResolverIT" time="0.021"/>
  <testcase name="findAddressForLocationTest" classname="separate.AddressResolverIT" time="1.083">
    <system-err><![CDATA[Feb 23, 2023 3:46:36 PM abc.AddressResolver findAddressForLocation
INFO: {"info":{"statuscode":0,"copyright":{"text":"© 2022 MapQuest, Inc.","imageUrl":"http://api.mqcdn.com/res/mqlogo.gif","imageAltText":"© 2022 MapQuest, Inc."},"messages":[]},"options":{"maxResults":1,"ignoreLatLngInput":false},"results":[{"providedLocation":{"latLng":{"lat":40.633116,"lng":-8.658784}},"locations":[{"street":"Avenida João Jacinto de Magalhães","adminArea6":"Aveiro","adminArea6Type":"Neighborhood","adminArea5":"Aveiro","adminArea5Type":"City","adminArea4":"Aveiro","adminArea4Type":"County","adminArea3":"","adminArea3Type":"State","adminArea1":"PT","adminArea1Type":"Country","postalCode":"3810-149","geocodeQualityCode":"B1AAA","geocodeQuality":"STREET","dragPoint":false,"sideOfStreet":"L","linkId":"0","unknownInput":"","type":"s","latLng":{"lat":40.63312,"lng":-8.65873},"displayLatLng":{"lat":40.63312,"lng":-8.65873},"mapUrl":""}]}]}
]]></system-err>
  </testcase>
</testsuite>